<?xml version="1.0" encoding="UTF-8"?>
<!-- Generated by org.testng.reporters.JUnitReportReporter -->
<testsuite skipped="0" hostname="MUNO112173-11" name="org.automation.testingworld.testcases.TC_001_ValidateLoginFunctionality" tests="4" failures="0" timestamp="2020-03-03T22:33:44 COT" time="62.417" errors="0">
  <testcase name="tc_001_login_functionality" time="16.151" classname="org.automation.testingworld.testcases.TC_001_ValidateLoginFunctionality"/>
  <testcase name="tc_001_login_functionality" time="15.561" classname="org.automation.testingworld.testcases.TC_001_ValidateLoginFunctionality"/>
  <testcase name="tc_001_login_functionality" time="15.904" classname="org.automation.testingworld.testcases.TC_001_ValidateLoginFunctionality"/>
  <testcase name="tc_001_login_functionality" time="14.801" classname="org.automation.testingworld.testcases.TC_001_ValidateLoginFunctionality"/>
</testsuite> <!-- org.automation.testingworld.testcases.TC_001_ValidateLoginFunctionality -->
